/home/alex/source/Grumpy3D/src/SyntaxParser.cc:16: warning: no matching class member found for 
  grumpy::SyntaxParser::SyntaxParser(puddi::Object *par, Lexer *lex, ASTNode *root)
Possible candidates:
  grumpy::SyntaxParser::SyntaxParser(Object *par, Lexer *lex, ASTNode *root)
  grumpy::SyntaxParser::SyntaxParser(Object *par, Lexer *lex, ASTNode *root, puddi::SchematicNode *schematic)

/home/alex/source/Grumpy3D/src/SyntaxParser.cc:21: warning: no matching class member found for 
  grumpy::SyntaxParser::SyntaxParser(puddi::Object *par, Lexer *lex, ASTNode *root, SchematicNode *schematic)
Possible candidates:
  grumpy::SyntaxParser::SyntaxParser(Object *par, Lexer *lex, ASTNode *root)
  grumpy::SyntaxParser::SyntaxParser(Object *par, Lexer *lex, ASTNode *root, puddi::SchematicNode *schematic)

/home/alex/source/Grumpy3D/src/malloc.c:36: warning: documented symbol `x' was not declared or defined.
/home/alex/source/Grumpy3D/puddi/src/Util.cc:33: warning: no matching class member found for 
  float puddi::Util::Length(const vec2 &v)
Possible candidates:
  static float puddi::Util::Length(const glm::vec2 &v)
  static float puddi::Util::Length(const glm::vec4 &v)

/home/alex/source/Grumpy3D/puddi/src/Util.cc:40: warning: no matching class member found for 
  float puddi::Util::Length(const vec4 &v)
Possible candidates:
  static float puddi::Util::Length(const glm::vec2 &v)
  static float puddi::Util::Length(const glm::vec4 &v)

